2025-10-25 19:18:11,056 INFO Image build info: {'version': 'dev', 'build': '0', 'sha': 'unknown'}
2025-10-25 19:18:11,064 INFO Starting scheduled job: running /app/researcharr.py
2025-10-25 19:18:11,227 INFO Job finished with returncode 0
2025-10-26 23:39:29,069 INFO Starting scheduled job: running /app/researcharr.py
2025-10-26 23:39:29,247 INFO Job finished with returncode 0
2025-10-26 23:45:51,030 INFO Starting scheduled job: running /app/researcharr.py
2025-10-26 23:45:51,227 INFO Job finished with returncode 0
2025-10-26 23:46:40,650 INFO Starting scheduled job: running /app/researcharr.py
2025-10-26 23:46:40,782 INFO Job finished with returncode 0
2025-10-26 23:53:02,877 INFO Starting scheduled job: running /app/researcharr.py
2025-10-26 23:53:03,040 INFO Job finished with returncode 0
2025-10-26 23:53:28,791 INFO Starting scheduled job: running /app/researcharr.py
2025-10-26 23:53:28,922 INFO Job finished with returncode 0
2025-10-26 23:56:50,805 INFO Starting scheduled job: running /app/researcharr.py
2025-10-26 23:56:50,942 INFO Job finished with returncode 0
2025-10-26 23:58:03,172 INFO Starting scheduled job: running /app/researcharr.py
2025-10-26 23:58:03,307 INFO Job finished with returncode 0
2025-10-26 23:59:03,147 INFO Starting scheduled job: running /app/researcharr.py
2025-10-26 23:59:03,281 INFO Job finished with returncode 0
2025-10-26 23:59:57,248 INFO Starting scheduled job: running /app/researcharr.py
2025-10-26 23:59:57,386 INFO Job finished with returncode 0
2025-10-27 00:00:00,000 INFO Starting scheduled job: running /app/researcharr.py
2025-10-27 00:00:00,136 INFO Job finished with returncode 0
2025-10-27 01:00:00,000 INFO Starting scheduled job: running /app/researcharr.py
2025-10-27 01:00:00,135 INFO Job finished with returncode 0
2025-10-27 01:30:36,899 INFO Starting scheduled job: running /app/researcharr.py
2025-10-27 01:30:37,048 INFO Job finished with returncode 0
2025-10-27 01:33:40,832 INFO Starting scheduled job: running /app/researcharr.py
2025-10-27 01:33:40,965 INFO Job finished with returncode 0
2025-10-27 01:34:52,077 INFO Starting scheduled job: running /app/researcharr.py
2025-10-27 01:34:52,240 INFO Job finished with returncode 0
2025-10-27 01:35:11,105 INFO Starting scheduled job: running /app/researcharr.py
2025-10-27 01:35:11,247 INFO Job finished with returncode 0
2025-10-27 02:00:00,000 INFO Starting scheduled job: running /app/researcharr.py
2025-10-27 02:00:00,145 INFO Job finished with returncode 0
2025-10-27 03:00:00,000 INFO Starting scheduled job: running /app/researcharr.py
2025-10-27 03:00:00,147 INFO Job finished with returncode 0
2025-10-27 08:58:55,651 INFO Starting scheduled job: running /app/researcharr.py
2025-10-27 08:58:55,843 INFO Job finished with returncode 0
2025-10-27 09:00:00,000 INFO Starting scheduled job: running /app/researcharr.py
2025-10-27 09:00:00,138 INFO Job finished with returncode 0
2025-10-27 09:10:27,565 INFO Starting scheduled job: running /app/researcharr.py
2025-10-27 09:10:27,706 INFO Job finished with returncode 0
2025-10-27 10:00:00,000 INFO Starting scheduled job: running /app/researcharr.py
2025-10-27 10:00:00,138 INFO Job finished with returncode 0
2025-10-27 11:00:00,000 INFO Starting scheduled job: running /app/researcharr.py
2025-10-27 11:00:00,137 INFO Job finished with returncode 0
2025-10-27 12:00:00,000 INFO Starting scheduled job: running /app/researcharr.py
2025-10-27 12:00:00,151 INFO Job finished with returncode 0
2025-10-27 13:00:00,000 INFO Starting scheduled job: running /app/researcharr.py
2025-10-27 13:00:00,139 INFO Job finished with returncode 0
2025-10-27 14:00:00,000 INFO Starting scheduled job: running /app/researcharr.py
2025-10-27 14:00:00,139 INFO Job finished with returncode 0
2025-10-27 15:00:00,000 INFO Starting scheduled job: running /app/researcharr.py
2025-10-27 15:00:00,138 INFO Job finished with returncode 0
2025-10-27 16:00:00,000 INFO Starting scheduled job: running /app/researcharr.py
2025-10-27 16:00:00,137 INFO Job finished with returncode 0
2025-10-27 17:00:00,000 INFO Starting scheduled job: running /app/researcharr.py
2025-10-27 17:00:00,135 INFO Job finished with returncode 0
2025-10-27 18:00:00,000 INFO Starting scheduled job: running /app/researcharr.py
2025-10-27 18:00:00,140 INFO Job finished with returncode 0
2025-10-27 19:00:00,000 INFO Starting scheduled job: running /app/researcharr.py
2025-10-27 19:00:00,139 INFO Job finished with returncode 0
2025-10-29 09:12:26,023 INFO Starting scheduled job: running /app/researcharr.py
2025-10-29 09:12:26,171 INFO Job finished with returncode 0
2025-10-29 09:17:02,790 INFO Starting scheduled job: running /app/researcharr.py
2025-10-29 09:17:02,947 INFO Job finished with returncode 0
2025-10-29 09:17:02,947 ERROR Failed to write task history to /config/task_history.jsonl
Traceback (most recent call last):
  File "/app/run.py", line 257, in run_job
    with open(hist_file, "a") as hf:
         ~~~~^^^^^^^^^^^^^^^^
PermissionError: [Errno 13] Permission denied: '/config/task_history.jsonl'
2025-10-29 11:02:38,790 INFO Starting scheduled job: running /app/researcharr.py
2025-10-29 11:02:39,128 INFO Job finished with returncode 0
2025-10-29 12:06:54,474 INFO Starting scheduled job: running /app/researcharr.py
2025-10-29 12:06:54,850 INFO Job finished with returncode 0
2025-10-29 12:25:50,236 INFO Starting scheduled job: running /app/researcharr.py
2025-10-29 12:25:50,625 INFO Job finished with returncode 0
2025-10-29 12:25:51,283 INFO Starting scheduled job: running /app/researcharr.py
2025-10-29 12:25:51,667 INFO Job finished with returncode 0
2025-10-29 12:31:13,342 INFO Starting scheduled job: running /app/researcharr.py
2025-10-29 12:31:13,718 INFO Job finished with returncode 0
2025-10-29 12:31:14,385 INFO Starting scheduled job: running /app/researcharr.py
2025-10-29 12:31:14,760 INFO Job finished with returncode 0
2025-10-29 12:33:19,686 INFO Starting scheduled job: running /app/researcharr.py
2025-10-29 12:33:20,061 INFO Job finished with returncode 0
2025-10-29 12:37:02,422 INFO Starting scheduled job: running /app/researcharr.py
2025-10-29 12:37:02,827 INFO Job finished with returncode 0
2025-10-29 12:37:03,628 INFO Starting scheduled job: running /app/researcharr.py
2025-10-29 12:37:04,007 INFO Job finished with returncode 0
2025-10-29 12:38:42,055 INFO Starting scheduled job: running /app/researcharr.py
2025-10-29 12:38:42,501 INFO Job finished with returncode 0
2025-10-29 12:39:04,689 INFO Starting scheduled job: running /app/researcharr.py
2025-10-29 12:39:05,064 INFO Job finished with returncode 0
2025-10-29 12:39:05,711 INFO Starting scheduled job: running /app/researcharr.py
2025-10-29 12:39:06,098 INFO Job finished with returncode 0
2025-10-29 12:39:12,920 INFO Starting scheduled job: running /app/researcharr.py
2025-10-29 12:39:13,318 INFO Job finished with returncode 0
2025-10-29 12:59:31,416 INFO Starting scheduled job: running /app/researcharr.py
2025-10-29 12:59:31,891 INFO Job finished with returncode 0
2025-10-29 13:00:00,000 INFO Starting scheduled job: running /app/researcharr.py
2025-10-29 13:00:00,000 INFO Starting scheduled job: running /app/researcharr.py
2025-10-29 13:00:00,387 INFO Job finished with returncode 0
2025-10-29 13:00:00,387 INFO Job finished with returncode 0
2025-10-29 13:00:03,779 INFO Starting scheduled job: running /app/researcharr.py
2025-10-29 13:00:04,149 INFO Job finished with returncode 0
2025-10-29 13:04:06,185 INFO Starting scheduled job: running /app/researcharr.py
2025-10-29 13:04:06,587 INFO Job finished with returncode 0
2025-10-29 13:04:07,388 INFO Starting scheduled job: running /app/researcharr.py
2025-10-29 13:04:07,764 INFO Job finished with returncode 0
2025-10-29 13:04:25,810 INFO Starting scheduled job: running /app/researcharr.py
2025-10-29 13:04:26,186 INFO Job finished with returncode 0
2025-10-29 13:04:26,842 INFO Starting scheduled job: running /app/researcharr.py
2025-10-29 13:04:27,223 INFO Job finished with returncode 0
2025-10-29 13:08:38,004 INFO Starting scheduled job: running /app/researcharr.py
2025-10-29 13:08:38,379 INFO Job finished with returncode 0
2025-10-29 13:08:39,171 INFO Starting scheduled job: running /app/researcharr.py
2025-10-29 13:08:39,548 INFO Job finished with returncode 0
2025-10-29 13:15:59,179 INFO Starting scheduled job: running /app/researcharr.py
2025-10-29 13:15:59,623 INFO Job finished with returncode 0
2025-10-29 13:16:15,487 INFO Starting scheduled job: running /app/researcharr.py
2025-10-29 13:16:15,882 INFO Job finished with returncode 0
2025-10-29 13:16:23,664 INFO Starting scheduled job: running /app/researcharr.py
2025-10-29 13:16:24,095 INFO Job finished with returncode 0
2025-10-29 13:29:45,369 INFO Starting scheduled job: running /app/researcharr.py
2025-10-29 13:29:45,760 INFO Job finished with returncode 0
2025-10-29 13:30:19,605 INFO Starting scheduled job: running /app/researcharr.py
2025-10-29 13:30:19,994 INFO Job finished with returncode 0
2025-10-29 13:30:26,797 INFO Starting scheduled job: running /app/researcharr.py
2025-10-29 13:30:27,214 INFO Job finished with returncode 0
2025-10-29 13:32:19,304 INFO Starting scheduled job: running /app/researcharr.py
2025-10-29 13:32:19,703 INFO Job finished with returncode 0
2025-10-29 13:32:38,548 INFO Starting scheduled job: running /app/researcharr.py
2025-10-29 13:32:39,025 INFO Job finished with returncode 0
2025-10-29 13:34:21,019 INFO Starting scheduled job: running /app/researcharr.py
2025-10-29 13:34:21,422 INFO Job finished with returncode 0
2025-10-29 13:36:37,041 INFO Starting scheduled job: running /app/researcharr.py
2025-10-29 13:36:37,457 INFO Job finished with returncode 0
2025-10-29 13:37:15,611 INFO Starting scheduled job: running /app/researcharr.py
2025-10-29 13:37:16,102 INFO Job finished with returncode 0
2025-10-29 13:37:46,956 INFO Starting scheduled job: running /app/researcharr.py
2025-10-29 13:37:47,438 INFO Job finished with returncode 0
2025-10-29 13:38:41,336 INFO Starting scheduled job: running /app/researcharr.py
2025-10-29 13:38:41,789 INFO Job finished with returncode 0
2025-10-29 13:39:20,739 INFO Starting scheduled job: running /app/researcharr.py
2025-10-29 13:39:21,181 INFO Job finished with returncode 0
2025-10-29 13:39:36,031 INFO Starting scheduled job: running /app/researcharr.py
2025-10-29 13:39:36,505 INFO Job finished with returncode 0
2025-10-29 13:45:00,179 INFO Starting scheduled job: running /app/researcharr.py
2025-10-29 13:45:00,716 INFO Job finished with returncode 0
2025-10-29 13:48:19,519 INFO Starting scheduled job: running /app/researcharr.py
2025-10-29 13:48:19,910 INFO Job finished with returncode 0
2025-10-29 14:00:00,000 INFO Starting scheduled job: running /app/researcharr.py
2025-10-29 14:00:00,000 INFO Starting scheduled job: running /app/researcharr.py
2025-10-29 14:00:00,384 INFO Job finished with returncode 0
2025-10-29 14:00:00,419 INFO Job finished with returncode 0
2025-10-29 14:30:18,289 INFO Starting scheduled job: running /app/researcharr.py
2025-10-29 14:30:18,722 INFO Job finished with returncode 0
2025-10-29 14:30:23,416 INFO Starting scheduled job: running /app/researcharr.py
2025-10-29 14:30:23,788 INFO Job finished with returncode 0
2025-10-29 14:33:53,996 INFO Starting scheduled job: running /app/researcharr.py
2025-10-29 14:33:54,398 INFO Job finished with returncode 0
2025-10-29 14:35:14,320 INFO Starting scheduled job: running /app/researcharr.py
2025-10-29 14:35:14,719 INFO Job finished with returncode 0
2025-10-29 14:36:57,751 INFO Starting scheduled job: running /app/researcharr.py
2025-10-29 14:36:58,217 INFO Job finished with returncode 0
2025-10-29 14:37:42,073 INFO Starting scheduled job: running /app/researcharr.py
2025-10-29 14:37:42,506 INFO Job finished with returncode 0
2025-10-29 14:37:42,507 ERROR Failed to start web UI from factory.py
Traceback (most recent call last):
  File "/app/run.py", line 431, in main
    loader.exec_module(factory_mod)
    ~~~~~~~~~~~~~~~~~~^^^^^^^^^^^^^
  File "<frozen importlib._bootstrap_external>", line 1023, in exec_module
  File "<frozen importlib._bootstrap_external>", line 1161, in get_code
  File "<frozen importlib._bootstrap_external>", line 1091, in source_to_code
  File "<frozen importlib._bootstrap>", line 488, in _call_with_frames_removed
  File "/app/factory.py", line 262
    if existing:
                ^
IndentationError: unindent does not match any outer indentation level
